[25-Jul-2023 22:17:33] NOTICE: fpm is running, pid 139032
[25-Jul-2023 22:17:33] NOTICE: ready to handle connections
[26-Jul-2023 12:49:42] NOTICE: Terminating ...
[26-Jul-2023 12:49:42] NOTICE: Terminating ...
[26-Jul-2023 12:49:42] NOTICE: exiting, bye-bye!
[29-Jul-2023 19:50:13] NOTICE: fpm is running, pid 27004
[29-Jul-2023 19:50:13] NOTICE: ready to handle connections
[30-Jul-2023 09:33:10] NOTICE: Terminating ...
[30-Jul-2023 09:33:10] NOTICE: Terminating ...
[30-Jul-2023 09:33:10] NOTICE: exiting, bye-bye!
[31-Jul-2023 17:25:46] NOTICE: fpm is running, pid 271629
[31-Jul-2023 17:25:46] NOTICE: ready to handle connections
[31-Jul-2023 21:18:42] NOTICE: Terminating ...
[31-Jul-2023 21:18:42] NOTICE: Terminating ...
[31-Jul-2023 21:18:42] NOTICE: exiting, bye-bye!
[01-Aug-2023 20:05:14] NOTICE: fpm is running, pid 364023
[01-Aug-2023 20:05:14] NOTICE: ready to handle connections
[01-Aug-2023 23:22:19] NOTICE: Terminating ...
[01-Aug-2023 23:22:19] NOTICE: Terminating ...
[01-Aug-2023 23:22:19] NOTICE: exiting, bye-bye!
[01-Aug-2023 23:22:22] NOTICE: fpm is running, pid 388361
[01-Aug-2023 23:22:22] NOTICE: ready to handle connections
[02-Aug-2023 10:21:38] NOTICE: Terminating ...
[02-Aug-2023 10:21:38] NOTICE: Terminating ...
[02-Aug-2023 10:21:38] NOTICE: exiting, bye-bye!
[02-Aug-2023 12:04:39] NOTICE: fpm is running, pid 440312
[02-Aug-2023 12:04:39] NOTICE: ready to handle connections
[02-Aug-2023 13:23:01] NOTICE: Terminating ...
[02-Aug-2023 13:23:01] NOTICE: Terminating ...
[02-Aug-2023 13:23:01] NOTICE: exiting, bye-bye!
[02-Aug-2023 13:48:19] NOTICE: fpm is running, pid 453159
[02-Aug-2023 13:48:19] NOTICE: ready to handle connections
